User watched weather for three cities.
User has viewed musems.
User has viewed musems.
User has watched all active virtual tours.
User has watched all active virtual tours.
User is logged in.
Unsuccessfully try of logging.
User is logged in.
Unsuccessfully try of logging.
User has watched all active virtual tours.
User watched weather for three cities.
User has viewed musems.
User is logged in.
Unsuccessfully try of logging.
User has watched culture news.
User has watched culture news.
User has watched buyed tickets.
User has watched buyed tickets.
User has watched buyed tickets.
User has watched all active virtual tours.
User has watched all active virtual tours.
User has watched all active virtual tours.
User has watched all active virtual tours.
User has watched all active virtual tours.
User has watched all active virtual tours.
User has watched buyed tickets.
User has watched buyed tickets.
User has watched all active virtual tours.
User has watched all active virtual tours.
User has watched all active virtual tours.
User has watched buyed tickets.
User has watched buyed tickets.
User has watched all active virtual tours.
User has watched buyed tickets.
User has watched all active virtual tours.
User has watched all active virtual tours.
User has watched all active virtual tours.
User has watched all active virtual tours.
User has watched buyed tickets.
User has watched all active virtual tours.
User has watched all active virtual tours.
User has watched all active virtual tours.
User has watched buyed tickets.
User has watched buyed tickets.
User has watched buyed tickets.
User has watched all active virtual tours.
User has watched all active virtual tours.
User has watched buyed tickets.
User is logged in.
Unsuccessfully try of logging.
User is logged in.
Unsuccessfully try of logging.
User is registrated successfully.
User is registrated successfully.
User is registrated successfully.
Unsuccessfully try of registration.
User is registrated successfully.
User has viewed musems.
User has viewed musems.
User has viewed musems.
User has viewed musems.
User has viewed musems.
User is logged in.
Unsuccessfully try of logging.
User watched weather for three cities.
User has watched all active virtual tours.
User has watched all active virtual tours.
User watched weather for three cities.
User watched weather for three cities.
User watched weather for three cities.
User is logged in.
Unsuccessfully try of logging.
User has watched buyed tickets.
User is logged in.
Unsuccessfully try of logging.
User has viewed musems.
User has watched culture news.
User has watched all active virtual tours.
User has watched all active virtual tours.
User has watched buyed tickets.
User has watched buyed tickets.
User has watched buyed tickets.
User has watched buyed tickets.
User has watched all active virtual tours.
User has watched buyed tickets.
User has viewed musems.
User has viewed musems.
User watched weather for three cities.
User has buyed ticket.
User has buyed ticket.
User is logged in.
Unsuccessfully try of logging.
User has viewed musems.
User has viewed musems.
User watched weather for three cities.
User has buyed ticket.
User has watched buyed tickets.
User has watched all active virtual tours.
User has watched buyed tickets.
User watched weather for three cities.
User watched weather for three cities.
User has watched buyed tickets.
User has watched buyed tickets.
User watched weather for three cities.
User has watched buyed tickets.
User watched weather for three cities.
User has watched buyed tickets.
User watched weather for three cities.
User has watched buyed tickets.
User watched weather for three cities.
User has watched buyed tickets.
User watched weather for three cities.
User has watched buyed tickets.
User watched weather for three cities.
User has watched buyed tickets.
User watched weather for three cities.
User has watched buyed tickets.
User watched weather for three cities.
User has watched buyed tickets.
User watched weather for three cities.
User watched weather for three cities.
User has viewed musems.
User has viewed musems.
User watched weather for three cities.
User has viewed musems.
User is registrated successfully.
User has watched buyed tickets.
User has watched buyed tickets.
Unsuccessfully try of registration.
User has watched buyed tickets.
User has watched buyed tickets.
Unsuccessfully try of registration.
User has watched buyed tickets.
Unsuccessfully try of registration.
User is registrated successfully.
User is logged in.
Unsuccessfully try of logging.
User has viewed musems.
User has viewed musems.
User watched weather for three cities.
Unsuccessfully try of buying ticket.
Unsuccessfully try of buying ticket.
User has buyed ticket.
User watched weather for three cities.
User has viewed musems.
User has watched buyed tickets.
User has watched all active virtual tours.
User has watched buyed tickets.
User has watched buyed tickets.
User has watched all active virtual tours.
User has viewed musems.
User has viewed musems.
User watched weather for three cities.
User has buyed ticket.
User has buyed ticket.
User watched weather for three cities.
User has viewed musems.
User has watched all active virtual tours.
User has watched all active virtual tours.
User has watched all active virtual tours.
User has watched all active virtual tours.
User has watched all active virtual tours.
User has watched all active virtual tours.
User has watched all active virtual tours.
User has watched buyed tickets.
User has viewed musems.
User has viewed musems.
User watched weather for three cities.
User watched weather for three cities.
User has viewed musems.
User has viewed musems.
User watched weather for three cities.
User watched weather for three cities.
User has watched buyed tickets.
User is logged in.
Unsuccessfully try of logging.
User has viewed musems.
User has viewed musems.
User has watched buyed tickets.
User has viewed musems.
User is logged in.
Unsuccessfully try of logging.
User has watched all active virtual tours.
User has viewed musems.
User is logged in.
Unsuccessfully try of logging.
User has watched all active virtual tours.
User has viewed musems.
User has viewed musems.
User watched weather for three cities.
User watched weather for three cities.
User has viewed musems.
User has viewed musems.
User watched weather for three cities.
User has viewed musems.
User has viewed musems.
User watched weather for three cities.
User has buyed ticket.
User has watched buyed tickets.
User has watched buyed tickets.
User has watched buyed tickets.
User has viewed musems.
User has viewed musems.
User watched weather for three cities.
User watched weather for three cities.
User has viewed musems.
User has viewed musems.
User watched weather for three cities.
User watched weather for three cities.
User has viewed musems.
User has viewed musems.
User watched weather for three cities.
User has watched all active virtual tours.
User has buyed ticket.
User has watched all active virtual tours.
User has watched all active virtual tours.
User has viewed musems.
User has viewed musems.
User watched weather for three cities.
User has viewed musems.
User has viewed musems.
User watched weather for three cities.
User has buyed ticket.
User has watched buyed tickets.
User has watched buyed tickets.
User has watched all active virtual tours.
User has watched buyed tickets.
User has watched all active virtual tours.
User has viewed musems.
User is logged in.
Unsuccessfully try of logging.
User has viewed musems.
User has viewed musems.
User watched weather for three cities.
User has buyed ticket.
User has buyed ticket.
User watched weather for three cities.
User has watched buyed tickets.
User has watched all active virtual tours.
